[2019-03-14 14:28:17.818] [sharedprocess] [info] main {"machineId":"492f5accedadd6900f0773dad8c4c4081aa7ddbc4e21673e34a066816cf5686e"}
[2019-03-14 14:28:17.944] [sharedprocess] [info] Scanned user extensions: 17
[2019-03-14 14:28:17.956] [sharedprocess] [info] Scanned user extensions: 17
[2019-03-14 14:28:17.956] [sharedprocess] [info] Scanned user extensions: 17
[2019-03-14 14:28:18.001] [sharedprocess] [info] Scanned system extensions: 71
[2019-03-14 14:28:18.026] [sharedprocess] [info] Scanned system extensions: 71
[2019-03-14 14:28:18.029] [sharedprocess] [info] Scanned system extensions: 71
[2019-03-14 14:28:18.032] [sharedprocess] [info] Deleted from disk robertohuertasm.vscode-icons /home/mark/.vscode/extensions/robertohuertasm.vscode-icons-8.2.0
[2019-03-14 14:28:19.355] [sharedprocess] [info] Scanned user extensions: 17
[2019-03-14 14:28:57.828] [sharedprocess] [info] Starting to clean up unused language packs.
[2019-03-14 14:33:19.558] [sharedprocess] [info] Scanned user extensions: 17
[2019-03-14 14:38:19.593] [sharedprocess] [info] Scanned user extensions: 17
[2019-03-14 14:43:00.306] [sharedprocess] [info] Scanned user extensions: 17
[2019-03-14 14:43:00.309] [sharedprocess] [info] Scanned user extensions: 17
[2019-03-14 14:43:00.310] [sharedprocess] [info] Scanned user extensions: 17
[2019-03-14 14:43:00.312] [sharedprocess] [info] Scanned user extensions: 17
[2019-03-14 14:43:00.339] [sharedprocess] [info] Scanned system extensions: 71
[2019-03-14 14:43:00.344] [sharedprocess] [info] Scanned system extensions: 71
[2019-03-14 14:43:00.350] [sharedprocess] [info] Scanned system extensions: 71
[2019-03-14 14:43:19.637] [sharedprocess] [info] Scanned user extensions: 17
[2019-03-14 14:48:19.666] [sharedprocess] [info] Scanned user extensions: 17
[2019-03-14 14:53:19.692] [sharedprocess] [info] Scanned user extensions: 17
[2019-03-14 14:58:19.718] [sharedprocess] [info] Scanned user extensions: 17
[2019-03-14 15:03:19.738] [sharedprocess] [info] Scanned user extensions: 17
[2019-03-14 15:08:19.756] [sharedprocess] [info] Scanned user extensions: 17
[2019-03-14 15:13:19.769] [sharedprocess] [info] Scanned user extensions: 17
[2019-03-14 15:18:19.785] [sharedprocess] [info] Scanned user extensions: 17
[2019-03-14 15:23:19.819] [sharedprocess] [info] Scanned user extensions: 17
[2019-03-14 15:28:19.858] [sharedprocess] [info] Scanned user extensions: 17
[2019-03-14 15:33:21.108] [sharedprocess] [info] Scanned user extensions: 17
[2019-03-14 15:38:21.128] [sharedprocess] [info] Scanned user extensions: 17
[2019-03-14 15:43:21.143] [sharedprocess] [info] Scanned user extensions: 17
[2019-03-14 15:48:21.158] [sharedprocess] [info] Scanned user extensions: 17
[2019-03-14 15:53:21.172] [sharedprocess] [info] Scanned user extensions: 17
[2019-03-14 15:58:21.187] [sharedprocess] [info] Scanned user extensions: 17
[2019-03-14 16:03:21.226] [sharedprocess] [info] Scanned user extensions: 17
[2019-03-14 16:08:21.267] [sharedprocess] [info] Scanned user extensions: 17
[2019-03-14 16:13:21.288] [sharedprocess] [info] Scanned user extensions: 17
[2019-03-14 16:18:21.315] [sharedprocess] [info] Scanned user extensions: 17
[2019-03-14 16:23:21.362] [sharedprocess] [info] Scanned user extensions: 17
[2019-03-14 16:28:21.383] [sharedprocess] [info] Scanned user extensions: 17
[2019-03-14 16:33:21.657] [sharedprocess] [info] Scanned user extensions: 17
[2019-03-14 16:38:21.683] [sharedprocess] [info] Scanned user extensions: 17
[2019-03-14 16:43:21.722] [sharedprocess] [info] Scanned user extensions: 17
[2019-03-14 16:48:21.739] [sharedprocess] [info] Scanned user extensions: 17
[2019-03-14 16:53:21.755] [sharedprocess] [info] Scanned user extensions: 17
[2019-03-14 16:58:21.771] [sharedprocess] [info] Scanned user extensions: 17
[2019-03-14 17:03:21.807] [sharedprocess] [info] Scanned user extensions: 17
[2019-03-14 17:08:21.840] [sharedprocess] [info] Scanned user extensions: 17
[2019-03-14 17:13:21.876] [sharedprocess] [info] Scanned user extensions: 17
[2019-03-14 17:18:21.915] [sharedprocess] [info] Scanned user extensions: 17
[2019-03-14 17:23:21.958] [sharedprocess] [info] Scanned user extensions: 17
[2019-03-14 17:28:21.981] [sharedprocess] [info] Scanned user extensions: 17
