Looking for git in: git
Using git 2.7.4 from git
> git rev-parse --show-toplevel
> git config --get commit.template
Open repository: /home/mark/Realeyes/realeyes-website
> git status -z -u
> git symbolic-ref --short HEAD
> git rev-parse RNW-23
> git rev-parse --symbolic-full-name RNW-23@{u}
fatal: no upstream configured for branch 'RNW-23'
> git for-each-ref --format %(refname) %(objectname) --sort -committerdate
> git remote --verbose
> git check-ignore -z --stdin
> git check-ignore -z --stdin
> git check-ignore -z --stdin
> git status -z -u
> git symbolic-ref --short HEAD
> git rev-parse RNW-23
> git rev-parse --symbolic-full-name RNW-23@{u}
fatal: no upstream configured for branch 'RNW-23'
> git for-each-ref --format %(refname) %(objectname) --sort -committerdate
> git remote --verbose
> git status -z -u
> git symbolic-ref --short HEAD
> git rev-parse RNW-23
> git rev-parse --symbolic-full-name RNW-23@{u}
fatal: no upstream configured for branch 'RNW-23'
> git for-each-ref --format %(refname) %(objectname) --sort -committerdate
> git remote --verbose
> git show :hugo/content/_index.md
> git check-ignore -z --stdin
> git check-ignore -z --stdin
> git show :hugo/layouts/partials/hero-image-fullscreen.html
> git check-ignore -z --stdin
> git check-ignore -z --stdin
> git check-ignore -z --stdin
> git check-ignore -z --stdin
> git check-ignore -z --stdin
> git show :hugo/themes/hugo-hero-theme/assets/scss/components/_hero-image.scss
> git show :hugo/content/_index.md
> git show :hugo/layouts/partials/hero-image-fullscreen.html
> git check-ignore -z --stdin
> git check-ignore -z --stdin
> git show :hugo/themes/hugo-hero-theme/assets/scss/components/_hero-image.scss
> git status -z -u
> git symbolic-ref --short HEAD
> git rev-parse RNW-23
> git rev-parse --symbolic-full-name RNW-23@{u}
fatal: no upstream configured for branch 'RNW-23'
> git for-each-ref --format %(refname) %(objectname) --sort -committerdate
> git remote --verbose
> git status -z -u
> git symbolic-ref --short HEAD
> git rev-parse RNW-23
> git rev-parse --symbolic-full-name RNW-23@{u}
fatal: no upstream configured for branch 'RNW-23'
> git for-each-ref --format %(refname) %(objectname) --sort -committerdate
> git remote --verbose
> git status -z -u
> git symbolic-ref --short HEAD
> git rev-parse RNW-23
> git rev-parse --symbolic-full-name RNW-23@{u}
fatal: no upstream configured for branch 'RNW-23'
> git for-each-ref --format %(refname) %(objectname) --sort -committerdate
> git remote --verbose
> git show :hugo/content/_index.md
> git show :hugo/layouts/partials/hero-image-fullscreen.html
> git status -z -u
> git symbolic-ref --short HEAD
> git rev-parse RNW-23
> git rev-parse --symbolic-full-name RNW-23@{u}
fatal: no upstream configured for branch 'RNW-23'
> git for-each-ref --format %(refname) %(objectname) --sort -committerdate
> git remote --verbose
> git show :hugo/content/_index.md
> git status -z -u
> git symbolic-ref --short HEAD
> git rev-parse RNW-23
> git rev-parse --symbolic-full-name RNW-23@{u}
fatal: no upstream configured for branch 'RNW-23'
> git for-each-ref --format %(refname) %(objectname) --sort -committerdate
> git remote --verbose
> git show :hugo/layouts/partials/hero-image-fullscreen.html
> git check-ignore -z --stdin
> git show :hugo/data/contact.yaml
> git show :hugo/data/features.json
> git show :hugo/data/social.yaml
> git show :hugo/data/bio.json
> git show :hugo/content/_index.md
> git status -z -u
> git symbolic-ref --short HEAD
> git rev-parse RNW-23
> git rev-parse --symbolic-full-name RNW-23@{u}
fatal: no upstream configured for branch 'RNW-23'
> git for-each-ref --format %(refname) %(objectname) --sort -committerdate
> git remote --verbose
> git show :hugo/layouts/partials/hero-image-fullscreen.html
> git status -z -u
> git symbolic-ref --short HEAD
> git rev-parse RNW-23
> git rev-parse --symbolic-full-name RNW-23@{u}
fatal: no upstream configured for branch 'RNW-23'
> git for-each-ref --format %(refname) %(objectname) --sort -committerdate
> git remote --verbose
> git show :hugo/content/_index.md
> git status -z -u
> git symbolic-ref --short HEAD
> git rev-parse RNW-23
> git rev-parse --symbolic-full-name RNW-23@{u}
fatal: no upstream configured for branch 'RNW-23'
> git for-each-ref --format %(refname) %(objectname) --sort -committerdate
> git remote --verbose
> git status -z -u
> git symbolic-ref --short HEAD
> git rev-parse RNW-23
> git rev-parse --symbolic-full-name RNW-23@{u}
fatal: no upstream configured for branch 'RNW-23'
> git for-each-ref --format %(refname) %(objectname) --sort -committerdate
> git remote --verbose
> git show :hugo/layouts/partials/hero-image-fullscreen.html
> git status -z -u
> git symbolic-ref --short HEAD
> git rev-parse RNW-23
> git rev-parse --symbolic-full-name RNW-23@{u}
fatal: no upstream configured for branch 'RNW-23'
> git for-each-ref --format %(refname) %(objectname) --sort -committerdate
> git remote --verbose
> git show :hugo/themes/hugo-hero-theme/assets/scss/components/_hero-image.scss
> git status -z -u
> git symbolic-ref --short HEAD
> git rev-parse RNW-23
> git rev-parse --symbolic-full-name RNW-23@{u}
fatal: no upstream configured for branch 'RNW-23'
> git for-each-ref --format %(refname) %(objectname) --sort -committerdate
> git remote --verbose
> git status -z -u
> git symbolic-ref --short HEAD
> git rev-parse RNW-23
> git rev-parse --symbolic-full-name RNW-23@{u}
fatal: no upstream configured for branch 'RNW-23'
> git for-each-ref --format %(refname) %(objectname) --sort -committerdate
> git remote --verbose
> git status -z -u
> git symbolic-ref --short HEAD
> git rev-parse RNW-23
> git rev-parse --symbolic-full-name RNW-23@{u}
fatal: no upstream configured for branch 'RNW-23'
> git for-each-ref --format %(refname) %(objectname) --sort -committerdate
> git remote --verbose
> git status -z -u
> git symbolic-ref --short HEAD
> git rev-parse RNW-23
> git rev-parse --symbolic-full-name RNW-23@{u}
fatal: no upstream configured for branch 'RNW-23'
> git for-each-ref --format %(refname) %(objectname) --sort -committerdate
> git remote --verbose
> git status -z -u
> git symbolic-ref --short HEAD
> git rev-parse RNW-23
> git rev-parse --symbolic-full-name RNW-23@{u}
fatal: no upstream configured for branch 'RNW-23'
> git for-each-ref --format %(refname) %(objectname) --sort -committerdate
> git remote --verbose
> git status -z -u
> git symbolic-ref --short HEAD
> git rev-parse RNW-23
> git rev-parse --symbolic-full-name RNW-23@{u}
fatal: no upstream configured for branch 'RNW-23'
> git for-each-ref --format %(refname) %(objectname) --sort -committerdate
> git remote --verbose
> git status -z -u
> git symbolic-ref --short HEAD
> git rev-parse RNW-23
> git rev-parse --symbolic-full-name RNW-23@{u}
fatal: no upstream configured for branch 'RNW-23'
> git for-each-ref --format %(refname) %(objectname) --sort -committerdate
> git remote --verbose
> git status -z -u
> git symbolic-ref --short HEAD
> git rev-parse RNW-23
> git rev-parse --symbolic-full-name RNW-23@{u}
fatal: no upstream configured for branch 'RNW-23'
> git for-each-ref --format %(refname) %(objectname) --sort -committerdate
> git remote --verbose
> git status -z -u
> git symbolic-ref --short HEAD
> git rev-parse RNW-23
> git rev-parse --symbolic-full-name RNW-23@{u}
fatal: no upstream configured for branch 'RNW-23'
> git for-each-ref --format %(refname) %(objectname) --sort -committerdate
> git remote --verbose
> git status -z -u
> git symbolic-ref --short HEAD
> git rev-parse RNW-23
> git rev-parse --symbolic-full-name RNW-23@{u}
fatal: no upstream configured for branch 'RNW-23'
> git for-each-ref --format %(refname) %(objectname) --sort -committerdate
> git remote --verbose
> git status -z -u
> git symbolic-ref --short HEAD
> git rev-parse RNW-23
> git rev-parse --symbolic-full-name RNW-23@{u}
fatal: no upstream configured for branch 'RNW-23'
> git for-each-ref --format %(refname) %(objectname) --sort -committerdate
> git remote --verbose
> git status -z -u
> git symbolic-ref --short HEAD
> git rev-parse RNW-23
> git rev-parse --symbolic-full-name RNW-23@{u}
fatal: no upstream configured for branch 'RNW-23'
> git for-each-ref --format %(refname) %(objectname) --sort -committerdate
> git remote --verbose
> git status -z -u
> git symbolic-ref --short HEAD
> git rev-parse RNW-23
> git rev-parse --symbolic-full-name RNW-23@{u}
fatal: no upstream configured for branch 'RNW-23'
> git for-each-ref --format %(refname) %(objectname) --sort -committerdate
> git remote --verbose
> git status -z -u
> git symbolic-ref --short HEAD
> git rev-parse RNW-23
> git rev-parse --symbolic-full-name RNW-23@{u}
fatal: no upstream configured for branch 'RNW-23'
> git for-each-ref --format %(refname) %(objectname) --sort -committerdate
> git remote --verbose
> git show :hugo/themes/hugo-hero-theme/assets/scss/bootstrap/utilities/_display.scss
> git show :hugo/themes/hugo-hero-theme/assets/scss/components/_hero-image.scss
> git status -z -u
> git symbolic-ref --short HEAD
> git rev-parse RNW-23
> git rev-parse --symbolic-full-name RNW-23@{u}
fatal: no upstream configured for branch 'RNW-23'
> git for-each-ref --format %(refname) %(objectname) --sort -committerdate
> git remote --verbose
> git status -z -u
> git symbolic-ref --short HEAD
> git rev-parse RNW-23
> git rev-parse --symbolic-full-name RNW-23@{u}
fatal: no upstream configured for branch 'RNW-23'
> git for-each-ref --format %(refname) %(objectname) --sort -committerdate
> git remote --verbose
> git status -z -u
> git symbolic-ref --short HEAD
> git rev-parse RNW-23
> git rev-parse --symbolic-full-name RNW-23@{u}
fatal: no upstream configured for branch 'RNW-23'
> git for-each-ref --format %(refname) %(objectname) --sort -committerdate
> git remote --verbose
> git status -z -u
> git symbolic-ref --short HEAD
> git rev-parse RNW-23
> git rev-parse --symbolic-full-name RNW-23@{u}
fatal: no upstream configured for branch 'RNW-23'
> git for-each-ref --format %(refname) %(objectname) --sort -committerdate
> git remote --verbose
> git status -z -u
> git symbolic-ref --short HEAD
> git rev-parse RNW-23
> git rev-parse --symbolic-full-name RNW-23@{u}
fatal: no upstream configured for branch 'RNW-23'
> git for-each-ref --format %(refname) %(objectname) --sort -committerdate
> git remote --verbose
> git status -z -u
> git symbolic-ref --short HEAD
> git rev-parse RNW-23
> git rev-parse --symbolic-full-name RNW-23@{u}
fatal: no upstream configured for branch 'RNW-23'
> git for-each-ref --format %(refname) %(objectname) --sort -committerdate
> git remote --verbose
> git status -z -u
> git symbolic-ref --short HEAD
> git rev-parse RNW-23
> git rev-parse --symbolic-full-name RNW-23@{u}
fatal: no upstream configured for branch 'RNW-23'
> git for-each-ref --format %(refname) %(objectname) --sort -committerdate
> git remote --verbose
> git show :src/css/styles.css
> git status -z -u
> git symbolic-ref --short HEAD
> git rev-parse RNW-23
> git rev-parse --symbolic-full-name RNW-23@{u}
fatal: no upstream configured for branch 'RNW-23'
> git for-each-ref --format %(refname) %(objectname) --sort -committerdate
> git remote --verbose
> git show :hugo/themes/hugo-hero-theme/assets/scss/components/_hero-image.scss
> git status -z -u
> git symbolic-ref --short HEAD
> git rev-parse RNW-23
> git rev-parse --symbolic-full-name RNW-23@{u}
fatal: no upstream configured for branch 'RNW-23'
> git for-each-ref --format %(refname) %(objectname) --sort -committerdate
> git remote --verbose
> git status -z -u
> git symbolic-ref --short HEAD
> git rev-parse RNW-23
> git rev-parse --symbolic-full-name RNW-23@{u}
fatal: no upstream configured for branch 'RNW-23'
> git for-each-ref --format %(refname) %(objectname) --sort -committerdate
> git remote --verbose
> git status -z -u
> git symbolic-ref --short HEAD
> git rev-parse RNW-23
> git rev-parse --symbolic-full-name RNW-23@{u}
fatal: no upstream configured for branch 'RNW-23'
> git for-each-ref --format %(refname) %(objectname) --sort -committerdate
> git remote --verbose
> git status -z -u
> git symbolic-ref --short HEAD
> git rev-parse RNW-23
> git rev-parse --symbolic-full-name RNW-23@{u}
fatal: no upstream configured for branch 'RNW-23'
> git for-each-ref --format %(refname) %(objectname) --sort -committerdate
> git remote --verbose
> git status -z -u
> git symbolic-ref --short HEAD
> git rev-parse RNW-23
> git rev-parse --symbolic-full-name RNW-23@{u}
fatal: no upstream configured for branch 'RNW-23'
> git for-each-ref --format %(refname) %(objectname) --sort -committerdate
> git remote --verbose
> git status -z -u
> git symbolic-ref --short HEAD
> git rev-parse RNW-23
> git rev-parse --symbolic-full-name RNW-23@{u}
fatal: no upstream configured for branch 'RNW-23'
> git for-each-ref --format %(refname) %(objectname) --sort -committerdate
> git remote --verbose
> git status -z -u
> git symbolic-ref --short HEAD
> git rev-parse RNW-23
> git rev-parse --symbolic-full-name RNW-23@{u}
fatal: no upstream configured for branch 'RNW-23'
> git for-each-ref --format %(refname) %(objectname) --sort -committerdate
> git remote --verbose
> git status -z -u
> git symbolic-ref --short HEAD
> git rev-parse RNW-23
> git rev-parse --symbolic-full-name RNW-23@{u}
fatal: no upstream configured for branch 'RNW-23'
> git for-each-ref --format %(refname) %(objectname) --sort -committerdate
> git remote --verbose
> git status -z -u
> git symbolic-ref --short HEAD
> git rev-parse RNW-23
> git rev-parse --symbolic-full-name RNW-23@{u}
fatal: no upstream configured for branch 'RNW-23'
> git for-each-ref --format %(refname) %(objectname) --sort -committerdate
> git remote --verbose
> git status -z -u
> git symbolic-ref --short HEAD
> git rev-parse RNW-23
> git rev-parse --symbolic-full-name RNW-23@{u}
fatal: no upstream configured for branch 'RNW-23'
> git for-each-ref --format %(refname) %(objectname) --sort -committerdate
> git remote --verbose
> git status -z -u
> git symbolic-ref --short HEAD
> git rev-parse RNW-23
> git rev-parse --symbolic-full-name RNW-23@{u}
fatal: no upstream configured for branch 'RNW-23'
> git for-each-ref --format %(refname) %(objectname) --sort -committerdate
> git remote --verbose
> git status -z -u
> git symbolic-ref --short HEAD
> git rev-parse RNW-23
> git rev-parse --symbolic-full-name RNW-23@{u}
fatal: no upstream configured for branch 'RNW-23'
> git for-each-ref --format %(refname) %(objectname) --sort -committerdate
> git remote --verbose
> git status -z -u
> git symbolic-ref --short HEAD
> git rev-parse RNW-23
> git rev-parse --symbolic-full-name RNW-23@{u}
fatal: no upstream configured for branch 'RNW-23'
> git for-each-ref --format %(refname) %(objectname) --sort -committerdate
> git remote --verbose
> git show :hugo/themes/hugo-hero-theme/assets/scss/components/_hero-image.scss
> git status -z -u
> git symbolic-ref --short HEAD
> git rev-parse RNW-23
> git rev-parse --symbolic-full-name RNW-23@{u}
fatal: no upstream configured for branch 'RNW-23'
> git for-each-ref --format %(refname) %(objectname) --sort -committerdate
> git remote --verbose
> git status -z -u
> git symbolic-ref --short HEAD
> git rev-parse RNW-23
> git rev-parse --symbolic-full-name RNW-23@{u}
fatal: no upstream configured for branch 'RNW-23'
> git for-each-ref --format %(refname) %(objectname) --sort -committerdate
> git remote --verbose
> git status -z -u
> git symbolic-ref --short HEAD
> git rev-parse RNW-23
> git rev-parse --symbolic-full-name RNW-23@{u}
fatal: no upstream configured for branch 'RNW-23'
> git for-each-ref --format %(refname) %(objectname) --sort -committerdate
> git remote --verbose
> git status -z -u
> git symbolic-ref --short HEAD
> git rev-parse RNW-23
> git rev-parse --symbolic-full-name RNW-23@{u}
fatal: no upstream configured for branch 'RNW-23'
> git for-each-ref --format %(refname) %(objectname) --sort -committerdate
> git remote --verbose
> git status -z -u
> git symbolic-ref --short HEAD
> git rev-parse RNW-23
> git rev-parse --symbolic-full-name RNW-23@{u}
fatal: no upstream configured for branch 'RNW-23'
> git for-each-ref --format %(refname) %(objectname) --sort -committerdate
> git remote --verbose
> git status -z -u
> git symbolic-ref --short HEAD
> git rev-parse RNW-23
> git rev-parse --symbolic-full-name RNW-23@{u}
fatal: no upstream configured for branch 'RNW-23'
> git for-each-ref --format %(refname) %(objectname) --sort -committerdate
> git remote --verbose
> git status -z -u
> git symbolic-ref --short HEAD
> git rev-parse RNW-23
> git rev-parse --symbolic-full-name RNW-23@{u}
fatal: no upstream configured for branch 'RNW-23'
> git for-each-ref --format %(refname) %(objectname) --sort -committerdate
> git remote --verbose
> git status -z -u
> git symbolic-ref --short HEAD
> git rev-parse RNW-23
> git rev-parse --symbolic-full-name RNW-23@{u}
fatal: no upstream configured for branch 'RNW-23'
> git for-each-ref --format %(refname) %(objectname) --sort -committerdate
> git remote --verbose
> git show :hugo/layouts/partials/hero-image-fullscreen.html
> git status -z -u
> git symbolic-ref --short HEAD
> git rev-parse RNW-23
> git rev-parse --symbolic-full-name RNW-23@{u}
fatal: no upstream configured for branch 'RNW-23'
> git for-each-ref --format %(refname) %(objectname) --sort -committerdate
> git remote --verbose
> git status -z -u
> git symbolic-ref --short HEAD
> git rev-parse RNW-23
> git rev-parse --symbolic-full-name RNW-23@{u}
fatal: no upstream configured for branch 'RNW-23'
> git for-each-ref --format %(refname) %(objectname) --sort -committerdate
> git remote --verbose
> git show :hugo/themes/hugo-hero-theme/assets/scss/components/_hero-image.scss
> git status -z -u
> git symbolic-ref --short HEAD
> git rev-parse RNW-23
> git rev-parse --symbolic-full-name RNW-23@{u}
fatal: no upstream configured for branch 'RNW-23'
> git for-each-ref --format %(refname) %(objectname) --sort -committerdate
> git remote --verbose
> git status -z -u
> git symbolic-ref --short HEAD
> git rev-parse RNW-23
> git rev-parse --symbolic-full-name RNW-23@{u}
fatal: no upstream configured for branch 'RNW-23'
> git for-each-ref --format %(refname) %(objectname) --sort -committerdate
> git remote --verbose
> git status -z -u
> git symbolic-ref --short HEAD
> git rev-parse RNW-23
> git rev-parse --symbolic-full-name RNW-23@{u}
fatal: no upstream configured for branch 'RNW-23'
> git for-each-ref --format %(refname) %(objectname) --sort -committerdate
> git remote --verbose
> git status -z -u
> git symbolic-ref --short HEAD
> git rev-parse RNW-23
> git rev-parse --symbolic-full-name RNW-23@{u}
fatal: no upstream configured for branch 'RNW-23'
> git for-each-ref --format %(refname) %(objectname) --sort -committerdate
> git remote --verbose
> git status -z -u
> git symbolic-ref --short HEAD
> git rev-parse RNW-23
> git rev-parse --symbolic-full-name RNW-23@{u}
fatal: no upstream configured for branch 'RNW-23'
> git for-each-ref --format %(refname) %(objectname) --sort -committerdate
> git remote --verbose
> git status -z -u
> git symbolic-ref --short HEAD
> git rev-parse RNW-23
> git rev-parse --symbolic-full-name RNW-23@{u}
fatal: no upstream configured for branch 'RNW-23'
> git for-each-ref --format %(refname) %(objectname) --sort -committerdate
> git remote --verbose
> git status -z -u
> git symbolic-ref --short HEAD
> git rev-parse RNW-23
> git rev-parse --symbolic-full-name RNW-23@{u}
fatal: no upstream configured for branch 'RNW-23'
> git for-each-ref --format %(refname) %(objectname) --sort -committerdate
> git remote --verbose
> git status -z -u
> git symbolic-ref --short HEAD
> git rev-parse RNW-23
> git rev-parse --symbolic-full-name RNW-23@{u}
fatal: no upstream configured for branch 'RNW-23'
> git for-each-ref --format %(refname) %(objectname) --sort -committerdate
> git remote --verbose
> git status -z -u
> git symbolic-ref --short HEAD
> git rev-parse RNW-23
> git rev-parse --symbolic-full-name RNW-23@{u}
fatal: no upstream configured for branch 'RNW-23'
> git for-each-ref --format %(refname) %(objectname) --sort -committerdate
> git remote --verbose
> git status -z -u
> git symbolic-ref --short HEAD
> git rev-parse RNW-23
> git rev-parse --symbolic-full-name RNW-23@{u}
fatal: no upstream configured for branch 'RNW-23'
> git for-each-ref --format %(refname) %(objectname) --sort -committerdate
> git remote --verbose
> git status -z -u
> git symbolic-ref --short HEAD
> git rev-parse RNW-23
> git rev-parse --symbolic-full-name RNW-23@{u}
fatal: no upstream configured for branch 'RNW-23'
> git for-each-ref --format %(refname) %(objectname) --sort -committerdate
> git remote --verbose
> git status -z -u
> git symbolic-ref --short HEAD
> git rev-parse RNW-23
> git rev-parse --symbolic-full-name RNW-23@{u}
fatal: no upstream configured for branch 'RNW-23'
> git for-each-ref --format %(refname) %(objectname) --sort -committerdate
> git remote --verbose
> git status -z -u
> git symbolic-ref --short HEAD
> git rev-parse RNW-23
> git rev-parse --symbolic-full-name RNW-23@{u}
fatal: no upstream configured for branch 'RNW-23'
> git for-each-ref --format %(refname) %(objectname) --sort -committerdate
> git remote --verbose
> git status -z -u
> git symbolic-ref --short HEAD
> git rev-parse RNW-23
> git rev-parse --symbolic-full-name RNW-23@{u}
fatal: no upstream configured for branch 'RNW-23'
> git for-each-ref --format %(refname) %(objectname) --sort -committerdate
> git remote --verbose
> git status -z -u
> git symbolic-ref --short HEAD
> git rev-parse RNW-23
> git rev-parse --symbolic-full-name RNW-23@{u}
fatal: no upstream configured for branch 'RNW-23'
> git for-each-ref --format %(refname) %(objectname) --sort -committerdate
> git remote --verbose
> git status -z -u
> git symbolic-ref --short HEAD
> git rev-parse RNW-23
> git rev-parse --symbolic-full-name RNW-23@{u}
fatal: no upstream configured for branch 'RNW-23'
> git for-each-ref --format %(refname) %(objectname) --sort -committerdate
> git remote --verbose
> git status -z -u
> git symbolic-ref --short HEAD
> git rev-parse RNW-23
> git rev-parse --symbolic-full-name RNW-23@{u}
fatal: no upstream configured for branch 'RNW-23'
> git for-each-ref --format %(refname) %(objectname) --sort -committerdate
> git remote --verbose
> git status -z -u
> git symbolic-ref --short HEAD
> git rev-parse RNW-23
> git rev-parse --symbolic-full-name RNW-23@{u}
fatal: no upstream configured for branch 'RNW-23'
> git for-each-ref --format %(refname) %(objectname) --sort -committerdate
> git remote --verbose
> git status -z -u
> git symbolic-ref --short HEAD
> git rev-parse RNW-23
> git rev-parse --symbolic-full-name RNW-23@{u}
fatal: no upstream configured for branch 'RNW-23'
> git for-each-ref --format %(refname) %(objectname) --sort -committerdate
> git remote --verbose
> git status -z -u
> git symbolic-ref --short HEAD
> git rev-parse RNW-23
> git rev-parse --symbolic-full-name RNW-23@{u}
fatal: no upstream configured for branch 'RNW-23'
> git for-each-ref --format %(refname) %(objectname) --sort -committerdate
> git remote --verbose
> git status -z -u
> git symbolic-ref --short HEAD
> git rev-parse RNW-23
> git rev-parse --symbolic-full-name RNW-23@{u}
fatal: no upstream configured for branch 'RNW-23'
> git for-each-ref --format %(refname) %(objectname) --sort -committerdate
> git remote --verbose
> git show :hugo/themes/hugo-hero-theme/assets/scss/components/_hero-image.scss
> git status -z -u
> git symbolic-ref --short HEAD
> git rev-parse RNW-23
> git rev-parse --symbolic-full-name RNW-23@{u}
fatal: no upstream configured for branch 'RNW-23'
> git for-each-ref --format %(refname) %(objectname) --sort -committerdate
> git remote --verbose
> git status -z -u
> git symbolic-ref --short HEAD
> git rev-parse RNW-23
> git rev-parse --symbolic-full-name RNW-23@{u}
fatal: no upstream configured for branch 'RNW-23'
> git for-each-ref --format %(refname) %(objectname) --sort -committerdate
> git remote --verbose
> git status -z -u
> git symbolic-ref --short HEAD
> git rev-parse RNW-23
> git rev-parse --symbolic-full-name RNW-23@{u}
fatal: no upstream configured for branch 'RNW-23'
> git for-each-ref --format %(refname) %(objectname) --sort -committerdate
> git remote --verbose
