[2019-03-15 11:28:48.878] [exthost] [info] extension host started
[2019-03-15 11:28:48.951] [exthost] [info] ExtensionService#_doActivateExtension vscode.debug-auto-launch {"startup":true,"activationEvent":"*"}
[2019-03-15 11:28:48.951] [exthost] [info] ExtensionService#loadCommonJSModule /usr/share/code/resources/app/extensions/debug-auto-launch/dist/extension
[2019-03-15 11:28:48.954] [exthost] [info] ExtensionService#_doActivateExtension vscode.emmet {"startup":true,"activationEvent":"*"}
[2019-03-15 11:28:48.955] [exthost] [info] ExtensionService#loadCommonJSModule /usr/share/code/resources/app/extensions/emmet/dist/extension
[2019-03-15 11:28:48.970] [exthost] [info] ExtensionService#_doActivateExtension vscode.git {"startup":true,"activationEvent":"*"}
[2019-03-15 11:28:48.970] [exthost] [info] ExtensionService#loadCommonJSModule /usr/share/code/resources/app/extensions/git/dist/main
[2019-03-15 11:28:49.041] [exthost] [info] ExtensionService#_doActivateExtension vscode.merge-conflict {"startup":true,"activationEvent":"*"}
[2019-03-15 11:28:49.041] [exthost] [info] ExtensionService#loadCommonJSModule /usr/share/code/resources/app/extensions/merge-conflict/dist/extension
[2019-03-15 11:28:49.045] [exthost] [info] ExtensionService#_doActivateExtension dbaeumer.vscode-eslint {"startup":true,"activationEvent":"*"}
[2019-03-15 11:28:49.045] [exthost] [info] ExtensionService#loadCommonJSModule /home/mark/.vscode/extensions/dbaeumer.vscode-eslint-1.8.2/client/out/extension
[2019-03-15 11:28:49.076] [exthost] [info] ExtensionService#_doActivateExtension esbenp.prettier-vscode {"startup":true,"activationEvent":"*"}
[2019-03-15 11:28:49.076] [exthost] [info] ExtensionService#loadCommonJSModule /home/mark/.vscode/extensions/esbenp.prettier-vscode-1.8.1/out/src/extension
[2019-03-15 11:28:49.192] [exthost] [info] ExtensionService#_doActivateExtension HookyQR.beautify {"startup":true,"activationEvent":"*"}
[2019-03-15 11:28:49.192] [exthost] [info] ExtensionService#loadCommonJSModule /home/mark/.vscode/extensions/hookyqr.beautify-1.4.9/extension
[2019-03-15 11:28:49.238] [exthost] [info] ExtensionService#_doActivateExtension ritwickdey.LiveServer {"startup":true,"activationEvent":"*"}
[2019-03-15 11:28:49.238] [exthost] [info] ExtensionService#loadCommonJSModule /home/mark/.vscode/extensions/ritwickdey.liveserver-5.5.1/out/src/extension
[2019-03-15 11:28:49.398] [exthost] [info] ExtensionService#_doActivateExtension vscode-icons-team.vscode-icons {"startup":true,"activationEvent":"*"}
[2019-03-15 11:28:49.398] [exthost] [info] ExtensionService#loadCommonJSModule /home/mark/.vscode/extensions/vscode-icons-team.vscode-icons-8.3.0/out/src/
[2019-03-15 11:28:49.437] [exthost] [info] ExtensionService#_doActivateExtension vscode.css-language-features {"startup":false,"activationEvent":"onLanguage:scss"}
[2019-03-15 11:28:49.437] [exthost] [info] ExtensionService#loadCommonJSModule /usr/share/code/resources/app/extensions/css-language-features/client/dist/cssMain
[2019-03-15 11:28:49.459] [exthost] [info] ExtensionService#_doActivateExtension yzhang.markdown-all-in-one {"startup":true,"activationEvent":"workspaceContains:README.md"}
[2019-03-15 11:28:49.459] [exthost] [info] ExtensionService#loadCommonJSModule /home/mark/.vscode/extensions/yzhang.markdown-all-in-one-2.1.1/out/src/extension
[2019-03-15 11:28:49.496] [exthost] [info] eager extensions activated
[2019-03-15 11:35:48.672] [exthost] [info] ExtensionService#_doActivateExtension vscode.html-language-features {"startup":false,"activationEvent":"onLanguage:html"}
[2019-03-15 11:35:48.672] [exthost] [info] ExtensionService#loadCommonJSModule /usr/share/code/resources/app/extensions/html-language-features/client/dist/htmlMain
[2019-03-15 11:35:48.731] [exthost] [info] ExtensionService#_doActivateExtension dbaeumer.jshint {"startup":false,"activationEvent":"onLanguage:html"}
[2019-03-15 11:35:48.731] [exthost] [info] ExtensionService#loadCommonJSModule /home/mark/.vscode/extensions/dbaeumer.jshint-0.10.20/jshint/out/extension
[2019-03-15 11:36:35.426] [exthost] [info] ExtensionService#_doActivateExtension vscode.extension-editing {"startup":false,"activationEvent":"onLanguage:markdown"}
[2019-03-15 11:36:35.426] [exthost] [info] ExtensionService#loadCommonJSModule /usr/share/code/resources/app/extensions/extension-editing/dist/extension
[2019-03-15 11:36:35.467] [exthost] [info] ExtensionService#_doActivateExtension vscode.markdown-language-features {"startup":false,"activationEvent":"onLanguage:markdown"}
[2019-03-15 11:36:35.467] [exthost] [info] ExtensionService#loadCommonJSModule /usr/share/code/resources/app/extensions/markdown-language-features/dist/extension
[2019-03-15 13:19:43.195] [exthost] [info] ExtensionService#_doActivateExtension vscode.typescript-language-features {"startup":false,"activationEvent":"onLanguage:javascript"}
[2019-03-15 13:19:43.195] [exthost] [info] ExtensionService#loadCommonJSModule /usr/share/code/resources/app/extensions/typescript-language-features/dist/extension
[2019-03-15 13:19:43.271] [exthost] [info] ExtensionService#_doActivateExtension ms-vscode.vscode-typescript-tslint-plugin {"startup":false,"activationEvent":"onLanguage:javascript"}
[2019-03-15 13:19:43.271] [exthost] [info] ExtensionService#loadCommonJSModule /home/mark/.vscode/extensions/ms-vscode.vscode-typescript-tslint-plugin-1.0.0/out/index.js
