Looking for git in: git
Using git 2.7.4 from git
> git rev-parse --show-toplevel
> git config --get commit.template
Open repository: /home/mark/Realeyes/realeyes-website
> git status -z -u
> git symbolic-ref --short HEAD
> git rev-parse RNW-23
> git rev-parse --symbolic-full-name RNW-23@{u}
fatal: no upstream configured for branch 'RNW-23'
> git for-each-ref --format %(refname) %(objectname) --sort -committerdate
> git remote --verbose
> git show :hugo/themes/hugo-hero-theme/assets/scss/components/_hero-image.scss
> git check-ignore -z --stdin
> git show :hugo/layouts/partials/hero-image-fullscreen.html
> git check-ignore -z --stdin
> git show :hugo/themes/hugo-hero-theme/layouts/index.html
> git show :hugo/content/_index.md
> git show :hugo/layouts/partials/hero-image-fullscreen.html
> git show :hugo/themes/hugo-hero-theme/layouts/index.html
> git status -z -u
> git symbolic-ref --short HEAD
> git rev-parse RNW-23
> git rev-parse --symbolic-full-name RNW-23@{u}
fatal: no upstream configured for branch 'RNW-23'
> git for-each-ref --format %(refname) %(objectname) --sort -committerdate
> git remote --verbose
> git show :hugo/content/_index.md
> git status -z -u
> git symbolic-ref --short HEAD
> git rev-parse RNW-23
> git rev-parse --symbolic-full-name RNW-23@{u}
fatal: no upstream configured for branch 'RNW-23'
> git for-each-ref --format %(refname) %(objectname) --sort -committerdate
> git remote --verbose
> git show :hugo/layouts/partials/hero-image-fullscreen.html
> git status -z -u
> git symbolic-ref --short HEAD
> git rev-parse RNW-23
> git rev-parse --symbolic-full-name RNW-23@{u}
fatal: no upstream configured for branch 'RNW-23'
> git for-each-ref --format %(refname) %(objectname) --sort -committerdate
> git remote --verbose
> git show :hugo/themes/hugo-hero-theme/layouts/index.html
> git show :hugo/content/_index.md
> git status -z -u
> git symbolic-ref --short HEAD
> git rev-parse RNW-23
> git rev-parse --symbolic-full-name RNW-23@{u}
fatal: no upstream configured for branch 'RNW-23'
> git for-each-ref --format %(refname) %(objectname) --sort -committerdate
> git remote --verbose
> git show :hugo/layouts/partials/hero-image-fullscreen.html
> git show :hugo/themes/hugo-hero-theme/layouts/index.html
> git show :hugo/layouts/partials/hero-image-fullscreen.html
> git status -z -u
> git symbolic-ref --short HEAD
> git rev-parse RNW-23
> git rev-parse --symbolic-full-name RNW-23@{u}
fatal: no upstream configured for branch 'RNW-23'
> git for-each-ref --format %(refname) %(objectname) --sort -committerdate
> git remote --verbose
> git show :hugo/content/_index.md
> git status -z -u
> git symbolic-ref --short HEAD
> git rev-parse RNW-23
> git rev-parse --symbolic-full-name RNW-23@{u}
fatal: no upstream configured for branch 'RNW-23'
> git for-each-ref --format %(refname) %(objectname) --sort -committerdate
> git remote --verbose
> git status -z -u
> git symbolic-ref --short HEAD
> git rev-parse RNW-23
> git rev-parse --symbolic-full-name RNW-23@{u}
fatal: no upstream configured for branch 'RNW-23'
> git for-each-ref --format %(refname) %(objectname) --sort -committerdate
> git remote --verbose
> git show :hugo/layouts/partials/hero-image-fullscreen.html
> git status -z -u
> git symbolic-ref --short HEAD
> git rev-parse RNW-23
> git rev-parse --symbolic-full-name RNW-23@{u}
fatal: no upstream configured for branch 'RNW-23'
> git for-each-ref --format %(refname) %(objectname) --sort -committerdate
> git remote --verbose
> git status -z -u
> git symbolic-ref --short HEAD
> git rev-parse RNW-23
> git rev-parse --symbolic-full-name RNW-23@{u}
fatal: no upstream configured for branch 'RNW-23'
> git for-each-ref --format %(refname) %(objectname) --sort -committerdate
> git remote --verbose
> git show :hugo/themes/hugo-hero-theme/layouts/index.html
> git show :hugo/themes/hugo-hero-theme/assets/scss/components/_hero-image.scss
> git show :src/css/styles.css
> git show :hugo/content/_index.md
> git show :hugo/layouts/partials/hero-image-fullscreen.html
> git show :hugo/themes/hugo-hero-theme/layouts/index.html
> git status -z -u
> git symbolic-ref --short HEAD
> git rev-parse RNW-23
> git rev-parse --symbolic-full-name RNW-23@{u}
fatal: no upstream configured for branch 'RNW-23'
> git for-each-ref --format %(refname) %(objectname) --sort -committerdate
> git remote --verbose
> git show :hugo/layouts/partials/hero-image-fullscreen.html
> git status -z -u
> git symbolic-ref --short HEAD
> git rev-parse RNW-23
> git rev-parse --symbolic-full-name RNW-23@{u}
fatal: no upstream configured for branch 'RNW-23'
> git for-each-ref --format %(refname) %(objectname) --sort -committerdate
> git remote --verbose
> git show :hugo/content/_index.md
> git show :hugo/layouts/partials/hero-image-fullscreen.html
> git show :hugo/themes/hugo-hero-theme/layouts/index.html
> git show :hugo/content/_index.md
> git show :hugo/themes/hugo-hero-theme/layouts/index.html
> git status -z -u
> git symbolic-ref --short HEAD
> git rev-parse RNW-23
> git rev-parse --symbolic-full-name RNW-23@{u}
fatal: no upstream configured for branch 'RNW-23'
> git for-each-ref --format %(refname) %(objectname) --sort -committerdate
> git remote --verbose
> git show :hugo/content/_index.md
> git status -z -u
> git symbolic-ref --short HEAD
> git rev-parse RNW-23
> git rev-parse --symbolic-full-name RNW-23@{u}
fatal: no upstream configured for branch 'RNW-23'
> git for-each-ref --format %(refname) %(objectname) --sort -committerdate
> git remote --verbose
> git status -z -u
> git symbolic-ref --short HEAD
> git rev-parse RNW-23
> git rev-parse --symbolic-full-name RNW-23@{u}
fatal: no upstream configured for branch 'RNW-23'
> git for-each-ref --format %(refname) %(objectname) --sort -committerdate
> git remote --verbose
> git status -z -u
> git symbolic-ref --short HEAD
> git rev-parse RNW-23
> git rev-parse --symbolic-full-name RNW-23@{u}
fatal: no upstream configured for branch 'RNW-23'
> git for-each-ref --format %(refname) %(objectname) --sort -committerdate
> git remote --verbose
> git show :hugo/layouts/index.html
> git check-ignore -z --stdin
> git show :hugo/layouts/partials/hero-image-fullscreen.html
> git show :hugo/layouts/index.html
> git show :hugo/layouts/partials/hero-image-fullscreen.html
> git show :hugo/themes/hugo-hero-theme/layouts/index.html
> git check-ignore -z --stdin
> git check-ignore -z --stdin
> git show :hugo/layouts/partials/hero-image-fullscreen.html
> git show :hugo/layouts/index.html
> git status -z -u
> git symbolic-ref --short HEAD
> git rev-parse RNW-23
> git rev-parse --symbolic-full-name RNW-23@{u}
fatal: no upstream configured for branch 'RNW-23'
> git for-each-ref --format %(refname) %(objectname) --sort -committerdate
> git remote --verbose
> git show :hugo/layouts/partials/hero-image-fullscreen.html
> git show :hugo/content/_index.md
> git check-ignore -z --stdin
> git check-ignore -z --stdin
> git status -z -u
> git symbolic-ref --short HEAD
> git rev-parse RNW-23
> git rev-parse --symbolic-full-name RNW-23@{u}
fatal: no upstream configured for branch 'RNW-23'
> git for-each-ref --format %(refname) %(objectname) --sort -committerdate
> git remote --verbose
> git show :hugo/themes/hugo-hero-theme/layouts/index.html
> git status -z -u
> git symbolic-ref --short HEAD
> git rev-parse RNW-23
> git rev-parse --symbolic-full-name RNW-23@{u}
fatal: no upstream configured for branch 'RNW-23'
> git for-each-ref --format %(refname) %(objectname) --sort -committerdate
> git remote --verbose
> git show :hugo/themes/hugo-hero-theme/layouts/index.html
> git status -z -u
> git symbolic-ref --short HEAD
> git rev-parse RNW-23
> git rev-parse --symbolic-full-name RNW-23@{u}
fatal: no upstream configured for branch 'RNW-23'
> git for-each-ref --format %(refname) %(objectname) --sort -committerdate
> git remote --verbose
> git show :hugo/content/_index.md
> git show :hugo/layouts/partials/hero-image-fullscreen.html
> git show :hugo/layouts/index.html
> git show :hugo/themes/hugo-hero-theme/layouts/index.html
> git show :hugo/layouts/index.html
> git show :hugo/themes/hugo-hero-theme/assets/scss/components/_hero-image.scss
> git show :hugo/content/_index.md
> git show :hugo/layouts/partials/hero-image-fullscreen.html
> git status -z -u
> git symbolic-ref --short HEAD
> git rev-parse RNW-23
> git rev-parse --symbolic-full-name RNW-23@{u}
fatal: no upstream configured for branch 'RNW-23'
> git for-each-ref --format %(refname) %(objectname) --sort -committerdate
> git remote --verbose
> git show :hugo/themes/hugo-hero-theme/layouts/index.html
> git show :hugo/layouts/partials/hero-image-fullscreen.html
> git show :hugo/layouts/index.html
> git show :hugo/content/_index.md
> git status -z -u
> git symbolic-ref --short HEAD
> git rev-parse RNW-23
> git rev-parse --symbolic-full-name RNW-23@{u}
fatal: no upstream configured for branch 'RNW-23'
> git for-each-ref --format %(refname) %(objectname) --sort -committerdate
> git remote --verbose
> git show :hugo/layouts/partials/hero-image-fullscreen.html
> git show :hugo/layouts/index.html
> git status -z -u
> git symbolic-ref --short HEAD
> git rev-parse RNW-23
> git rev-parse --symbolic-full-name RNW-23@{u}
fatal: no upstream configured for branch 'RNW-23'
> git for-each-ref --format %(refname) %(objectname) --sort -committerdate
> git remote --verbose
> git show :hugo/layouts/partials/hero-image-fullscreen.html
> git status -z -u
> git symbolic-ref --short HEAD
> git rev-parse RNW-23
> git rev-parse --symbolic-full-name RNW-23@{u}
fatal: no upstream configured for branch 'RNW-23'
> git for-each-ref --format %(refname) %(objectname) --sort -committerdate
> git remote --verbose
> git show :hugo/themes/hugo-hero-theme/assets/scss/components/_hero-image.scss
> git show :hugo/layouts/partials/hero-image-fullscreen.html
> git show :hugo/themes/hugo-hero-theme/assets/scss/components/_hero-image.scss
> git show :hugo/content/_index.md
> git check-ignore -z --stdin
> git check-ignore -z --stdin
> git check-ignore -z --stdin
> git check-ignore -z --stdin
> git status -z -u
> git symbolic-ref --short HEAD
> git rev-parse RNW-23
> git rev-parse --symbolic-full-name RNW-23@{u}
fatal: no upstream configured for branch 'RNW-23'
> git for-each-ref --format %(refname) %(objectname) --sort -committerdate
> git remote --verbose
> git show :hugo/content/_index.md
> git status -z -u
> git symbolic-ref --short HEAD
> git rev-parse RNW-23
> git rev-parse --symbolic-full-name RNW-23@{u}
fatal: no upstream configured for branch 'RNW-23'
> git for-each-ref --format %(refname) %(objectname) --sort -committerdate
> git remote --verbose
> git status -z -u
> git symbolic-ref --short HEAD
> git rev-parse RNW-23
> git rev-parse --symbolic-full-name RNW-23@{u}
fatal: no upstream configured for branch 'RNW-23'
> git for-each-ref --format %(refname) %(objectname) --sort -committerdate
> git remote --verbose
> git show :hugo/themes/hugo-hero-theme/assets/scss/components/_hero-image.scss
> git status -z -u
> git symbolic-ref --short HEAD
> git rev-parse RNW-23
> git rev-parse --symbolic-full-name RNW-23@{u}
fatal: no upstream configured for branch 'RNW-23'
> git for-each-ref --format %(refname) %(objectname) --sort -committerdate
> git remote --verbose
> git status -z -u
> git symbolic-ref --short HEAD
> git rev-parse RNW-23
> git rev-parse --symbolic-full-name RNW-23@{u}
fatal: no upstream configured for branch 'RNW-23'
> git for-each-ref --format %(refname) %(objectname) --sort -committerdate
> git remote --verbose
> git show :src/css/styles.css
> git show :hugo/themes/hugo-hero-theme/assets/scss/components/_hero-image.scss
> git show :hugo/layouts/partials/hero-image-fullscreen.html
> git show :hugo/themes/hugo-hero-theme/assets/scss/components/_hero-image.scss
> git show :hugo/themes/hugo-hero-theme/assets/scss/components/_page.scss
> git show :hugo/themes/hugo-hero-theme/assets/scss/components/_reset.scss
> git show :hugo/themes/hugo-hero-theme/assets/scss/components/_bg.scss
> git show :hugo/themes/hugo-hero-theme/assets/scss/components/_buttons.scss
> git show :hugo/themes/hugo-hero-theme/assets/scss/bootstrap/_variables.scss
> git show :hugo/layouts/index.html
> git show :hugo/content/_index.md
> git show :hugo/content/pages/history/content1.md
> git check-ignore -z --stdin
> git show :hugo/content/pages/history/index.md
> git check-ignore -z --stdin
> git show :hugo/content/pages/about/content1.md
> git show :hugo/content/pages/about/content2.md
> git show :hugo/content/pages/about/content3.md
> git show :hugo/content/pages/about/index.md
> git check-ignore -z --stdin
> git show :hugo/themes/hugo-hero-theme/assets/scss/components/_hero-image.scss
> git status -z -u
> git symbolic-ref --short HEAD
> git rev-parse RNW-23
> git rev-parse --symbolic-full-name RNW-23@{u}
fatal: no upstream configured for branch 'RNW-23'
> git for-each-ref --format %(refname) %(objectname) --sort -committerdate
> git remote --verbose
> git status -z -u
> git symbolic-ref --short HEAD
> git rev-parse RNW-23
> git rev-parse --symbolic-full-name RNW-23@{u}
fatal: no upstream configured for branch 'RNW-23'
> git for-each-ref --format %(refname) %(objectname) --sort -committerdate
> git remote --verbose
> git status -z -u
> git symbolic-ref --short HEAD
> git rev-parse RNW-23
> git rev-parse --symbolic-full-name RNW-23@{u}
fatal: no upstream configured for branch 'RNW-23'
> git for-each-ref --format %(refname) %(objectname) --sort -committerdate
> git remote --verbose
> git status -z -u
> git symbolic-ref --short HEAD
> git rev-parse RNW-23
> git rev-parse --symbolic-full-name RNW-23@{u}
fatal: no upstream configured for branch 'RNW-23'
> git for-each-ref --format %(refname) %(objectname) --sort -committerdate
> git remote --verbose
> git show :hugo/content/pages/about/index.md
> git show :hugo/themes/hugo-hero-theme/assets/scss/components/_hero-image.scss
> git show :src/css/styles.css
> git check-ignore -z --stdin
> git show :hugo/themes/hugo-hero-theme/assets/scss/components/_hero-image.scss
> git status -z -u
> git symbolic-ref --short HEAD
> git rev-parse RNW-23
> git rev-parse --symbolic-full-name RNW-23@{u}
fatal: no upstream configured for branch 'RNW-23'
> git for-each-ref --format %(refname) %(objectname) --sort -committerdate
> git remote --verbose
> git status -z -u
> git symbolic-ref --short HEAD
> git rev-parse RNW-23
> git rev-parse --symbolic-full-name RNW-23@{u}
fatal: no upstream configured for branch 'RNW-23'
> git for-each-ref --format %(refname) %(objectname) --sort -committerdate
> git remote --verbose
> git status -z -u
> git symbolic-ref --short HEAD
> git rev-parse RNW-23
> git rev-parse --symbolic-full-name RNW-23@{u}
fatal: no upstream configured for branch 'RNW-23'
> git for-each-ref --format %(refname) %(objectname) --sort -committerdate
> git remote --verbose
> git check-ignore -z --stdin
> git show :hugo/themes/hugo-hero-theme/assets/js/scripts.js
> git check-ignore -z --stdin
> git show :hugo/themes/hugo-hero-theme/assets/js/pages/services.js
> git check-ignore -z --stdin
> git show :hugo/themes/hugo-hero-theme/assets/js/libs/library.js
> git show :hugo/themes/hugo-hero-theme/assets/js/scripts.js
> git show :hugo/themes/hugo-hero-theme/assets/scss/components/_hero-image.scss
> git show :src/js/imports/index.js
> git check-ignore -z --stdin
> git show :src/js/scripts.js
> git status -z -u
> git symbolic-ref --short HEAD
> git rev-parse RNW-23
> git rev-parse --symbolic-full-name RNW-23@{u}
fatal: no upstream configured for branch 'RNW-23'
> git for-each-ref --format %(refname) %(objectname) --sort -committerdate
> git remote --verbose
> git show :hugo/themes/hugo-hero-theme/assets/scss/components/_hero-image.scss
> git show :src/js/scripts.js
> git show :hugo/layouts/partials/hero-image-fullscreen.html
> git show :src/js/scripts.js
> git show :hugo/layouts/partials/hero-image-fullscreen.html
> git show :src/js/scripts.js
> git show :src/css/styles.css
> git show :hugo/layouts/partials/hero-image-fullscreen.html
> git show :src/js/scripts.js
> git show :hugo/layouts/partials/hero-image-fullscreen.html
> git show :hugo/themes/hugo-hero-theme/assets/scss/components/_hero-image.scss
> git show :hugo/layouts/partials/hero-image-fullscreen.html
> git show :src/js/scripts.js
> git show :hugo/layouts/partials/hero-image-fullscreen.html
> git show :src/js/scripts.js
> git show :hugo/content/_index.md
> git show :hugo/themes/hugo-hero-theme/assets/scss/components/_hero-image.scss
> git show :hugo/layouts/partials/hero-image-fullscreen.html
> git show :hugo/layouts/index.html
> git show :hugo/themes/hugo-hero-theme/layouts/_default/baseof.html
> git check-ignore -z --stdin
> git check-ignore -z --stdin
> git check-ignore -z --stdin
> git show :hugo/layouts/_default/baseof.html
> git ls-files --stage -- hugo/layouts/_default/
> git check-ignore -z --stdin
> git show :hugo/layouts/index.html
> git show :hugo/layouts/_default/baseof.html
> git ls-files --stage -- hugo/layouts/_default/
> git show :hugo/themes/hugo-hero-theme/layouts/_default/baseof.html
> git show :hugo/layouts/_default/baseof.html
> git ls-files --stage -- hugo/layouts/_default/
> git show :hugo/layouts/index.html
> git show :hugo/layouts/_default/baseof.html
> git ls-files --stage -- hugo/layouts/_default/
> git show :src/js/scripts.js
> git show :hugo/layouts/_default/baseof.html
> git ls-files --stage -- hugo/layouts/_default/
> git show :src/js/scripts.js
> git show :hugo/layouts/_default/baseof.html
> git ls-files --stage -- hugo/layouts/_default/
> git show :src/js/scripts.js
> git show :hugo/layouts/_default/baseof.html
> git ls-files --stage -- hugo/layouts/_default/
> git show :hugo/layouts/partials/hero-image-fullscreen.html
> git show :hugo/layouts/_default/baseof.html
> git ls-files --stage -- hugo/layouts/_default/
> git show :hugo/layouts/partials/hero-image-fullscreen.html
> git show :hugo/layouts/_default/baseof.html
> git ls-files --stage -- hugo/layouts/_default/
> git show :hugo/layouts/partials/hero-image-fullscreen.html
> git show :hugo/layouts/_default/baseof.html
> git ls-files --stage -- hugo/layouts/_default/
> git show :hugo/layouts/partials/hero-solid-color.html
> git show :hugo/layouts/partials/case-study-image.html
> git show :hugo/layouts/partials/hero-image-fullscreen.html
> git show :hugo/layouts/_default/baseof.html
> git ls-files --stage -- hugo/layouts/_default/
> git show :hugo/layouts/partials/case-study-image.html
> git show :hugo/themes/hugo-hero-theme/layouts/_default/list.html
> git show :hugo/themes/hugo-hero-theme/layouts/_default/single.html
> git show :hugo/themes/hugo-hero-theme/layouts/_default/summary.html
> git show :hugo/layouts/_default/baseof.html
> git ls-files --stage -- hugo/layouts/_default/
> git show :hugo/layouts/partials/hero-image-fullscreen.html
> git show :src/js/scripts.js
> git show :hugo/layouts/_default/baseof.html
> git ls-files --stage -- hugo/layouts/_default/
> git show :src/js/scripts.js
> git show :hugo/themes/hugo-hero-theme/layouts/_default/summary.html
> git show :hugo/layouts/partials/hero-image-fullscreen.html
> git show :src/js/scripts.js
> git show :hugo/themes/hugo-hero-theme/layouts/_default/summary.html
> git show :hugo/layouts/partials/hero-image-fullscreen.html
> git show :hugo/content/_index.md
> git show :hugo/layouts/partials/hero-image-fullscreen.html
> git show :hugo/themes/hugo-hero-theme/assets/scss/components/_hero-image.scss
> git show :hugo/layouts/partials/hero-image-fullscreen.html
> git show :hugo/themes/hugo-hero-theme/assets/scss/components/_hero-image.scss
> git show :src/js/scripts.js
> git show :hugo/themes/hugo-hero-theme/assets/scss/components/_hero-image.scss
> git show :hugo/layouts/partials/hero-image-fullscreen.html
> git show :src/js/scripts.js
> git show :hugo/layouts/partials/hero-image-fullscreen.html
> git show :hugo/themes/hugo-hero-theme/layouts/_default/summary.html
> git show :hugo/themes/hugo-hero-theme/assets/scss/components/_hero-image.scss
> git show :src/js/scripts.js
> git show :hugo/themes/hugo-hero-theme/assets/scss/components/_hero-image.scss
> git show :hugo/layouts/partials/hero-image-fullscreen.html
> git show :src/js/scripts.js
> git show :hugo/themes/hugo-hero-theme/layouts/_default/summary.html
> git show :src/js/scripts.js
> git show :hugo/layouts/partials/hero-image-fullscreen.html
> git show :src/js/scripts.js
> git show :hugo/themes/hugo-hero-theme/assets/scss/components/_hero-image.scss
> git show :hugo/layouts/partials/hero-image-fullscreen.html
> git show :hugo/themes/hugo-hero-theme/assets/scss/components/_hero-image.scss
> git show :src/js/scripts.js
> git show :hugo/layouts/partials/hero-image-fullscreen.html
> git show :hugo/themes/hugo-hero-theme/assets/scss/components/_hero-image.scss
> git show :hugo/layouts/partials/hero-image-fullscreen.html
> git show :src/js/scripts.js
> git show :hugo/themes/hugo-hero-theme/assets/scss/components/_hero-image.scss
> git show :src/js/scripts.js
> git show :hugo/layouts/partials/hero-image-fullscreen.html
> git show :src/js/scripts.js
> git show :hugo/layouts/partials/hero-image-fullscreen.html
> git show :hugo/themes/hugo-hero-theme/assets/scss/components/_hero-image.scss
> git show :src/css/styles.css
> git show :src/js/scripts.js
> git show :hugo/layouts/partials/hero-image-fullscreen.html
> git show :hugo/themes/hugo-hero-theme/assets/scss/components/_hero-image.scss
> git show :src/js/scripts.js
> git show :hugo/layouts/partials/hero-image-fullscreen.html
> git show :hugo/themes/hugo-hero-theme/assets/scss/components/_hero-image.scss
> git show :hugo/layouts/partials/hero-image-fullscreen.html
> git show :src/js/scripts.js
> git show :hugo/layouts/partials/hero-image-fullscreen.html
> git show :src/js/scripts.js
> git show :hugo/layouts/partials/hero-image-fullscreen.html
> git show :src/js/scripts.js
> git show :hugo/content/_index.md
> git show :hugo/layouts/partials/hero-image-fullscreen.html
> git show :hugo/themes/hugo-hero-theme/assets/scss/components/_hero-image.scss
> git show :src/css/styles.css
> git show :src/js/scripts.js
> git show :hugo/themes/hugo-hero-theme/assets/scss/components/_hero-image.scss
> git show :src/js/scripts.js
