[2019-03-14 14:28:16.151] [exthost] [info] extension host started
[2019-03-14 14:28:16.172] [exthost] [info] ExtensionService#_doActivateExtension vscode.debug-auto-launch {"startup":true,"activationEvent":"*"}
[2019-03-14 14:28:16.172] [exthost] [info] ExtensionService#loadCommonJSModule /usr/share/code/resources/app/extensions/debug-auto-launch/dist/extension
[2019-03-14 14:28:16.174] [exthost] [info] ExtensionService#_doActivateExtension vscode.emmet {"startup":true,"activationEvent":"*"}
[2019-03-14 14:28:16.174] [exthost] [info] ExtensionService#loadCommonJSModule /usr/share/code/resources/app/extensions/emmet/dist/extension
[2019-03-14 14:28:16.187] [exthost] [info] ExtensionService#_doActivateExtension vscode.git {"startup":true,"activationEvent":"*"}
[2019-03-14 14:28:16.187] [exthost] [info] ExtensionService#loadCommonJSModule /usr/share/code/resources/app/extensions/git/dist/main
[2019-03-14 14:28:16.261] [exthost] [info] ExtensionService#_doActivateExtension vscode.merge-conflict {"startup":true,"activationEvent":"*"}
[2019-03-14 14:28:16.261] [exthost] [info] ExtensionService#loadCommonJSModule /usr/share/code/resources/app/extensions/merge-conflict/dist/extension
[2019-03-14 14:28:16.265] [exthost] [info] ExtensionService#_doActivateExtension dbaeumer.vscode-eslint {"startup":true,"activationEvent":"*"}
[2019-03-14 14:28:16.265] [exthost] [info] ExtensionService#loadCommonJSModule /home/mark/.vscode/extensions/dbaeumer.vscode-eslint-1.8.2/client/out/extension
[2019-03-14 14:28:16.295] [exthost] [info] ExtensionService#_doActivateExtension esbenp.prettier-vscode {"startup":true,"activationEvent":"*"}
[2019-03-14 14:28:16.295] [exthost] [info] ExtensionService#loadCommonJSModule /home/mark/.vscode/extensions/esbenp.prettier-vscode-1.8.1/out/src/extension
[2019-03-14 14:28:16.410] [exthost] [info] ExtensionService#_doActivateExtension HookyQR.beautify {"startup":true,"activationEvent":"*"}
[2019-03-14 14:28:16.410] [exthost] [info] ExtensionService#loadCommonJSModule /home/mark/.vscode/extensions/hookyqr.beautify-1.4.9/extension
[2019-03-14 14:28:16.453] [exthost] [info] ExtensionService#_doActivateExtension ritwickdey.LiveServer {"startup":true,"activationEvent":"*"}
[2019-03-14 14:28:16.454] [exthost] [info] ExtensionService#loadCommonJSModule /home/mark/.vscode/extensions/ritwickdey.liveserver-5.5.1/out/src/extension
[2019-03-14 14:28:16.613] [exthost] [info] ExtensionService#_doActivateExtension vscode-icons-team.vscode-icons {"startup":true,"activationEvent":"*"}
[2019-03-14 14:28:16.613] [exthost] [info] ExtensionService#loadCommonJSModule /home/mark/.vscode/extensions/vscode-icons-team.vscode-icons-8.3.0/out/src/
[2019-03-14 14:28:16.652] [exthost] [info] ExtensionService#_doActivateExtension yzhang.markdown-all-in-one {"startup":true,"activationEvent":"workspaceContains:README.md"}
[2019-03-14 14:28:16.652] [exthost] [info] ExtensionService#loadCommonJSModule /home/mark/.vscode/extensions/yzhang.markdown-all-in-one-2.1.1/out/src/extension
[2019-03-14 14:28:16.681] [exthost] [info] eager extensions activated
[2019-03-14 14:30:12.955] [exthost] [info] ExtensionService#_doActivateExtension vscode.extension-editing {"startup":false,"activationEvent":"onLanguage:markdown"}
[2019-03-14 14:30:12.955] [exthost] [info] ExtensionService#loadCommonJSModule /usr/share/code/resources/app/extensions/extension-editing/dist/extension
[2019-03-14 14:30:12.998] [exthost] [info] ExtensionService#_doActivateExtension vscode.markdown-language-features {"startup":false,"activationEvent":"onLanguage:markdown"}
[2019-03-14 14:30:12.998] [exthost] [info] ExtensionService#loadCommonJSModule /usr/share/code/resources/app/extensions/markdown-language-features/dist/extension
[2019-03-14 14:31:38.041] [exthost] [info] ExtensionService#_doActivateExtension vscode.html-language-features {"startup":false,"activationEvent":"onLanguage:html"}
[2019-03-14 14:31:38.041] [exthost] [info] ExtensionService#loadCommonJSModule /usr/share/code/resources/app/extensions/html-language-features/client/dist/htmlMain
[2019-03-14 14:31:38.111] [exthost] [info] ExtensionService#_doActivateExtension dbaeumer.jshint {"startup":false,"activationEvent":"onLanguage:html"}
[2019-03-14 14:31:38.111] [exthost] [info] ExtensionService#loadCommonJSModule /home/mark/.vscode/extensions/dbaeumer.jshint-0.10.20/jshint/out/extension
[2019-03-14 14:32:08.806] [exthost] [info] ExtensionService#_doActivateExtension vscode.css-language-features {"startup":false,"activationEvent":"onLanguage:scss"}
[2019-03-14 14:32:08.806] [exthost] [info] ExtensionService#loadCommonJSModule /usr/share/code/resources/app/extensions/css-language-features/client/dist/cssMain
[2019-03-14 14:32:50.034] [exthost] [info] ExtensionService#_doActivateExtension vscode.configuration-editing {"startup":false,"activationEvent":"onLanguage:jsonc"}
[2019-03-14 14:32:50.034] [exthost] [info] ExtensionService#loadCommonJSModule /usr/share/code/resources/app/extensions/configuration-editing/dist/extension
[2019-03-14 14:32:50.043] [exthost] [info] ExtensionService#_doActivateExtension vscode.json-language-features {"startup":false,"activationEvent":"onLanguage:jsonc"}
[2019-03-14 14:32:50.043] [exthost] [info] ExtensionService#loadCommonJSModule /usr/share/code/resources/app/extensions/json-language-features/client/dist/jsonMain
[2019-03-14 14:32:50.104] [exthost] [info] ExtensionService#_doActivateExtension vscode.typescript-language-features {"startup":false,"activationEvent":"onLanguage:jsonc"}
[2019-03-14 14:32:50.104] [exthost] [info] ExtensionService#loadCommonJSModule /usr/share/code/resources/app/extensions/typescript-language-features/dist/extension
[2019-03-14 14:43:29.188] [exthost] [info] ExtensionService#_doActivateExtension vscode.npm {"startup":false,"activationEvent":"onLanguage:json"}
[2019-03-14 14:43:29.188] [exthost] [info] ExtensionService#loadCommonJSModule /usr/share/code/resources/app/extensions/npm/dist/main
