[2019-03-18 09:22:51.958] [exthost] [info] extension host started
[2019-03-18 09:22:51.981] [exthost] [info] ExtensionService#_doActivateExtension vscode.debug-auto-launch {"startup":true,"activationEvent":"*"}
[2019-03-18 09:22:51.981] [exthost] [info] ExtensionService#loadCommonJSModule /usr/share/code/resources/app/extensions/debug-auto-launch/dist/extension
[2019-03-18 09:22:51.984] [exthost] [info] ExtensionService#_doActivateExtension vscode.emmet {"startup":true,"activationEvent":"*"}
[2019-03-18 09:22:51.984] [exthost] [info] ExtensionService#loadCommonJSModule /usr/share/code/resources/app/extensions/emmet/dist/extension
[2019-03-18 09:22:51.998] [exthost] [info] ExtensionService#_doActivateExtension vscode.git {"startup":true,"activationEvent":"*"}
[2019-03-18 09:22:51.998] [exthost] [info] ExtensionService#loadCommonJSModule /usr/share/code/resources/app/extensions/git/dist/main
[2019-03-18 09:22:52.085] [exthost] [info] ExtensionService#_doActivateExtension vscode.merge-conflict {"startup":true,"activationEvent":"*"}
[2019-03-18 09:22:52.085] [exthost] [info] ExtensionService#loadCommonJSModule /usr/share/code/resources/app/extensions/merge-conflict/dist/extension
[2019-03-18 09:22:52.090] [exthost] [info] ExtensionService#_doActivateExtension dbaeumer.vscode-eslint {"startup":true,"activationEvent":"*"}
[2019-03-18 09:22:52.090] [exthost] [info] ExtensionService#loadCommonJSModule /home/mark/.vscode/extensions/dbaeumer.vscode-eslint-1.8.2/client/out/extension
[2019-03-18 09:22:52.120] [exthost] [info] ExtensionService#_doActivateExtension esbenp.prettier-vscode {"startup":true,"activationEvent":"*"}
[2019-03-18 09:22:52.120] [exthost] [info] ExtensionService#loadCommonJSModule /home/mark/.vscode/extensions/esbenp.prettier-vscode-1.8.1/out/src/extension
[2019-03-18 09:22:52.253] [exthost] [info] ExtensionService#_doActivateExtension HookyQR.beautify {"startup":true,"activationEvent":"*"}
[2019-03-18 09:22:52.253] [exthost] [info] ExtensionService#loadCommonJSModule /home/mark/.vscode/extensions/hookyqr.beautify-1.4.9/extension
[2019-03-18 09:22:52.313] [exthost] [info] ExtensionService#_doActivateExtension ritwickdey.LiveServer {"startup":true,"activationEvent":"*"}
[2019-03-18 09:22:52.313] [exthost] [info] ExtensionService#loadCommonJSModule /home/mark/.vscode/extensions/ritwickdey.liveserver-5.5.1/out/src/extension
[2019-03-18 09:22:52.493] [exthost] [info] ExtensionService#_doActivateExtension vscode-icons-team.vscode-icons {"startup":true,"activationEvent":"*"}
[2019-03-18 09:22:52.493] [exthost] [info] ExtensionService#loadCommonJSModule /home/mark/.vscode/extensions/vscode-icons-team.vscode-icons-8.3.0/out/src/
[2019-03-18 09:22:52.538] [exthost] [info] ExtensionService#_doActivateExtension vscode.css-language-features {"startup":false,"activationEvent":"onLanguage:scss"}
[2019-03-18 09:22:52.538] [exthost] [info] ExtensionService#loadCommonJSModule /usr/share/code/resources/app/extensions/css-language-features/client/dist/cssMain
[2019-03-18 09:22:52.564] [exthost] [info] ExtensionService#_doActivateExtension yzhang.markdown-all-in-one {"startup":true,"activationEvent":"workspaceContains:README.md"}
[2019-03-18 09:22:52.564] [exthost] [info] ExtensionService#loadCommonJSModule /home/mark/.vscode/extensions/yzhang.markdown-all-in-one-2.1.1/out/src/extension
[2019-03-18 09:22:52.607] [exthost] [info] eager extensions activated
[2019-03-18 10:35:09.958] [exthost] [info] ExtensionService#_doActivateExtension vscode.html-language-features {"startup":false,"activationEvent":"onLanguage:html"}
[2019-03-18 10:35:09.958] [exthost] [info] ExtensionService#loadCommonJSModule /usr/share/code/resources/app/extensions/html-language-features/client/dist/htmlMain
[2019-03-18 10:35:10.018] [exthost] [info] ExtensionService#_doActivateExtension dbaeumer.jshint {"startup":false,"activationEvent":"onLanguage:html"}
[2019-03-18 10:35:10.018] [exthost] [info] ExtensionService#loadCommonJSModule /home/mark/.vscode/extensions/dbaeumer.jshint-0.10.20/jshint/out/extension
[2019-03-18 10:35:14.017] [exthost] [info] ExtensionService#_doActivateExtension vscode.typescript-language-features {"startup":false,"activationEvent":"onLanguage:javascript"}
[2019-03-18 10:35:14.017] [exthost] [info] ExtensionService#loadCommonJSModule /usr/share/code/resources/app/extensions/typescript-language-features/dist/extension
[2019-03-18 10:35:14.083] [exthost] [info] ExtensionService#_doActivateExtension ms-vscode.vscode-typescript-tslint-plugin {"startup":false,"activationEvent":"onLanguage:javascript"}
[2019-03-18 10:35:14.083] [exthost] [info] ExtensionService#loadCommonJSModule /home/mark/.vscode/extensions/ms-vscode.vscode-typescript-tslint-plugin-1.0.0/out/index.js
[2019-03-18 10:35:18.050] [exthost] [info] ExtensionService#_doActivateExtension vscode.extension-editing {"startup":false,"activationEvent":"onLanguage:typescript"}
[2019-03-18 10:35:18.050] [exthost] [info] ExtensionService#loadCommonJSModule /usr/share/code/resources/app/extensions/extension-editing/dist/extension
[2019-03-18 10:35:46.960] [exthost] [info] ExtensionService#_doActivateExtension vscode.markdown-language-features {"startup":false,"activationEvent":"onLanguage:markdown"}
[2019-03-18 10:35:46.960] [exthost] [info] ExtensionService#loadCommonJSModule /usr/share/code/resources/app/extensions/markdown-language-features/dist/extension
